#
# There is insufficient memory for the Java Runtime Environment to continue.
# Native memory allocation (mmap) failed to map 266338304 bytes for G1 virtual space
# Possible reasons:
#   The system is out of physical RAM or swap space
#   The process is running with CompressedOops enabled, and the Java Heap may be blocking the growth of the native heap
# Possible solutions:
#   Reduce memory load on the system
#   Increase physical memory or swap space
#   Check if swap backing store is full
#   Decrease Java heap size (-Xmx/-Xms)
#   Decrease number of Java threads
#   Decrease Java thread stack sizes (-Xss)
#   Set larger code cache with -XX:ReservedCodeCacheSize=
#   JVM is running with Zero Based Compressed Oops mode in which the Java heap is
#     placed in the first 32GB address space. The Java Heap base address is the
#     maximum limit for the native heap growth. Please use -XX:HeapBaseMinAddress
#     to set the Java Heap base and to place the Java Heap above 32GB virtual address.
# This output file may be truncated or incomplete.
#
#  Out of Memory Error (os_windows.cpp:3552), pid=8352, tid=2652
#
# JRE version:  (17.0.9+11) (build )
# Java VM: Java HotSpot(TM) 64-Bit Server VM (17.0.9+11-LTS-201, mixed mode, sharing, tiered, compressed oops, compressed class ptrs, g1 gc, windows-amd64)
# No core dump will be written. Minidumps are not enabled by default on client versions of Windows
#

---------------  S U M M A R Y ------------

Command Line: -Dnet.bytebuddy.agent.attacher.dump= net.bytebuddy.agent.Attacher com.sun.tools.attach.VirtualMachine 14296 C:\Users\Rebeka\.gradle\caches\modules-2\files-2.1\net.bytebuddy\byte-buddy-agent\1.14.9\dfb8707031008535048bad2b69735f46d0b6c5e5\byte-buddy-agent-1.14.9.jar false 

Host: 12th Gen Intel(R) Core(TM) i5-12450H, 12 cores, 15G,  Windows 11 , 64 bit Build 22000 (10.0.22000.2538)
Time: Tue Nov 21 16:12:33 2023 Afrique de l, 64 bit Build 22000 (10.0.22000.2538) elapsed time: 0.011982 seconds (0d 0h 0m 0s)

---------------  T H R E A D  ---------------

Current thread (0x00000232913045e0):  JavaThread "Unknown thread" [_thread_in_vm, id=2652, stack(0x000000d042900000,0x000000d042a00000)]

Stack: [0x000000d042900000,0x000000d042a00000]
Native frames: (J=compiled Java code, j=interpreted, Vv=VM code, C=native code)
V  [jvm.dll+0x678a4a]
V  [jvm.dll+0x7d9cfd]
V  [jvm.dll+0x7db60e]
V  [jvm.dll+0x7dbc73]
V  [jvm.dll+0x245e1f]
V  [jvm.dll+0x6758f9]
V  [jvm.dll+0x66a2a2]
V  [jvm.dll+0x303686]
V  [jvm.dll+0x30ac06]
V  [jvm.dll+0x35a48e]
V  [jvm.dll+0x35a6bf]
V  [jvm.dll+0x2da678]
V  [jvm.dll+0x2db5e4]
V  [jvm.dll+0x7ab6b1]
V  [jvm.dll+0x368041]
V  [jvm.dll+0x78a749]
V  [jvm.dll+0x3ebd4f]
V  [jvm.dll+0x3ed7d1]
C  [jli.dll+0x5297]
C  [ucrtbase.dll+0x26c0c]
C  [KERNEL32.DLL+0x153e0]
C  [ntdll.dll+0x485b]


---------------  P R O C E S S  ---------------

Threads class SMR info:
_java_thread_list=0x00007ffd2e9289d8, length=0, elements={
}

Java Threads: ( => current thread )

Other Threads:
  0x0000023291370970 GCTaskThread "GC Thread#0" [stack: 0x000000d042a00000,0x000000d042b00000] [id=23740]
  0x0000023291381540 ConcurrentGCThread "G1 Main Marker" [stack: 0x000000d042b00000,0x000000d042c00000] [id=4156]
  0x0000023291382f60 ConcurrentGCThread "G1 Conc#0" [stack: 0x000000d042c00000,0x000000d042d00000] [id=26088]

[error occurred during error reporting (printing all threads), id 0xc0000005, EXCEPTION_ACCESS_VIOLATION (0xc0000005) at pc=0x00007ffd2e15b2d7]

VM state: not at safepoint (not fully initialized)

VM Mutex/Monitor currently owned by a thread:  ([mutex/lock_event])
[0x00000232913016b0] Heap_lock - owner thread: 0x00000232913045e0

Heap address: 0x0000000703800000, size: 4040 MB, Compressed Oops mode: Zero based, Oop shift amount: 3

CDS archive(s) mapped at: [0x0000000000000000-0x0000000000000000-0x0000000000000000), size 0, SharedBaseAddress: 0x0000000800000000, ArchiveRelocationMode: 1.
Narrow klass base: 0x0000000000000000, Narrow klass shift: 0, Narrow klass range: 0x0

GC Precious Log:
<Empty>

Heap:
 garbage-first heap   total 0K, used 0K [0x0000000703800000, 0x0000000800000000)
  region size 2048K, 0 young (0K), 0 survivors (0K)

[error occurred during error reporting (printing heap information), id 0xc0000005, EXCEPTION_ACCESS_VIOLATION (0xc0000005) at pc=0x00007ffd2e542229]

GC Heap History (0 events):
No events

Deoptimization events (0 events):
No events

Classes unloaded (0 events):
No events

Classes redefined (0 events):
No events

Internal exceptions (0 events):
No events

VM Operations (0 events):
No events

Events (1 events):
Event: 0.007 Loaded shared library D:\Installation\Java\jdk-17\bin\java.dll


Dynamic libraries:
0x00007ff66de30000 - 0x00007ff66de40000 	D:\Installation\Java\jdk-17\bin\java.exe
0x00007ffd99fe0000 - 0x00007ffd9a1e9000 	C:\Windows\SYSTEM32\ntdll.dll
0x00007ffd98c30000 - 0x00007ffd98ced000 	C:\Windows\System32\KERNEL32.DLL
0x00007ffd97700000 - 0x00007ffd97a84000 	C:\Windows\System32\KERNELBASE.dll
0x00007ffd97b80000 - 0x00007ffd97c91000 	C:\Windows\System32\ucrtbase.dll
0x00007ffd8b050000 - 0x00007ffd8b069000 	D:\Installation\Java\jdk-17\bin\jli.dll
0x00007ffd8aea0000 - 0x00007ffd8aebb000 	D:\Installation\Java\jdk-17\bin\VCRUNTIME140.dll
0x00007ffd99b80000 - 0x00007ffd99c2e000 	C:\Windows\System32\ADVAPI32.dll
0x00007ffd98e20000 - 0x00007ffd98ec3000 	C:\Windows\System32\msvcrt.dll
0x00007ffd99d40000 - 0x00007ffd99dde000 	C:\Windows\System32\sechost.dll
0x00007ffd98cf0000 - 0x00007ffd98e11000 	C:\Windows\System32\RPCRT4.dll
0x00007ffd99480000 - 0x00007ffd9962d000 	C:\Windows\System32\USER32.dll
0x00007ffd97a90000 - 0x00007ffd97ab6000 	C:\Windows\System32\win32u.dll
0x00007ffd822a0000 - 0x00007ffd82545000 	C:\Windows\WinSxS\amd64_microsoft.windows.common-controls_6595b64144ccf1df_6.0.22000.120_none_9d947278b86cc467\COMCTL32.dll
0x00007ffd98c00000 - 0x00007ffd98c2a000 	C:\Windows\System32\GDI32.dll
0x00007ffd97470000 - 0x00007ffd9758e000 	C:\Windows\System32\gdi32full.dll
0x00007ffd97d90000 - 0x00007ffd97e2d000 	C:\Windows\System32\msvcp_win.dll
0x00007ffd8dd20000 - 0x00007ffd8dd2a000 	C:\Windows\SYSTEM32\VERSION.dll
0x00007ffd98230000 - 0x00007ffd98261000 	C:\Windows\System32\IMM32.DLL
0x00007ffd8ea60000 - 0x00007ffd8ea6c000 	D:\Installation\Java\jdk-17\bin\vcruntime140_1.dll
0x00007ffd7c260000 - 0x00007ffd7c2ee000 	D:\Installation\Java\jdk-17\bin\msvcp140.dll
0x00007ffd2de70000 - 0x00007ffd2ea51000 	D:\Installation\Java\jdk-17\bin\server\jvm.dll
0x00007ffd98a40000 - 0x00007ffd98a48000 	C:\Windows\System32\PSAPI.DLL
0x00007ffd7e5f0000 - 0x00007ffd7e5f9000 	C:\Windows\SYSTEM32\WSOCK32.dll
0x00007ffd8ed90000 - 0x00007ffd8edc3000 	C:\Windows\SYSTEM32\WINMM.dll
0x00007ffd981b0000 - 0x00007ffd9821f000 	C:\Windows\System32\WS2_32.dll
0x00007ffd96510000 - 0x00007ffd96528000 	C:\Windows\SYSTEM32\kernel.appcore.dll
0x00007ffd8c6d0000 - 0x00007ffd8c6da000 	D:\Installation\Java\jdk-17\bin\jimage.dll
0x00007ffd94de0000 - 0x00007ffd95001000 	C:\Windows\SYSTEM32\DBGHELP.DLL
0x00007ffd78dd0000 - 0x00007ffd78e01000 	C:\Windows\SYSTEM32\dbgcore.DLL
0x00007ffd97ca0000 - 0x00007ffd97d1f000 	C:\Windows\System32\bcryptPrimitives.dll
0x00007ffd8b000000 - 0x00007ffd8b025000 	D:\Installation\Java\jdk-17\bin\java.dll

dbghelp: loaded successfully - version: 4.0.5 - missing functions: none
symbol engine: initialized successfully - sym options: 0x614 - pdb path: .;D:\Installation\Java\jdk-17\bin;C:\Windows\SYSTEM32;C:\Windows\WinSxS\amd64_microsoft.windows.common-controls_6595b64144ccf1df_6.0.22000.120_none_9d947278b86cc467;D:\Installation\Java\jdk-17\bin\server

VM Arguments:
jvm_args: -Dnet.bytebuddy.agent.attacher.dump= 
java_command: net.bytebuddy.agent.Attacher com.sun.tools.attach.VirtualMachine 14296 C:\Users\Rebeka\.gradle\caches\modules-2\files-2.1\net.bytebuddy\byte-buddy-agent\1.14.9\dfb8707031008535048bad2b69735f46d0b6c5e5\byte-buddy-agent-1.14.9.jar false 
java_class_path (initial): C:\Users\Rebeka\.gradle\caches\modules-2\files-2.1\net.bytebuddy\byte-buddy-agent\1.14.9\dfb8707031008535048bad2b69735f46d0b6c5e5\byte-buddy-agent-1.14.9.jar
Launcher Type: SUN_STANDARD

[Global flags]
     intx CICompilerCount                          = 4                                         {product} {ergonomic}
     uint ConcGCThreads                            = 3                                         {product} {ergonomic}
     uint G1ConcRefinementThreads                  = 10                                        {product} {ergonomic}
   size_t G1HeapRegionSize                         = 2097152                                   {product} {ergonomic}
    uintx GCDrainStackTargetSize                   = 64                                        {product} {ergonomic}
   size_t InitialHeapSize                          = 266338304                                 {product} {ergonomic}
   size_t MarkStackSize                            = 4194304                                   {product} {ergonomic}
   size_t MaxHeapSize                              = 4236247040                                {product} {ergonomic}
   size_t MinHeapDeltaBytes                        = 2097152                                   {product} {ergonomic}
   size_t MinHeapSize                              = 8388608                                   {product} {ergonomic}
    uintx NonNMethodCodeHeapSize                   = 5839372                                {pd product} {ergonomic}
    uintx NonProfiledCodeHeapSize                  = 122909434                              {pd product} {ergonomic}
    uintx ProfiledCodeHeapSize                     = 122909434                              {pd product} {ergonomic}
    uintx ReservedCodeCacheSize                    = 251658240                              {pd product} {ergonomic}
     bool SegmentedCodeCache                       = true                                      {product} {ergonomic}
   size_t SoftMaxHeapSize                          = 4236247040                             {manageable} {ergonomic}
     bool UseCompressedClassPointers               = true                           {product lp64_product} {ergonomic}
     bool UseCompressedOops                        = true                           {product lp64_product} {ergonomic}
     bool UseG1GC                                  = true                                      {product} {ergonomic}
     bool UseLargePagesIndividualAllocation        = false                                  {pd product} {ergonomic}

Logging:
Log output configuration:
 #0: stdout all=warning uptime,level,tags
 #1: stderr all=off uptime,level,tags

Environment Variables:
JAVA_HOME=D:\Installation\Java\jdk-17
CLASSPATH=D:\ITU\S5\WEB_AVANCE\react\nba-back\\gradle\wrapper\gradle-wrapper.jar
PATH=C:\Program Files\Common Files\Oracle\Java\javapath;C:\Windows\system32;C:\Windows;C:\Windows\System32\Wbem;C:\Windows\System32\WindowsPowerShell\v1.0\;C:\Windows\System32\OpenSSH\;C:\Users\Rebeka\AppData\Local\Programs\Python\Python310;D:\Installation\Java\jdk-17\bin;D:\ITU\Logiciels\apache-tomcat-10.0.27\bin;C:\Program Files (x86)\Microsoft SQL Server\160\Tools\Binn\;C:\Program Files\Microsoft SQL Server\160\Tools\Binn\;C:\Program Files\Microsoft SQL Server\Client SDK\ODBC\170\Tools\Binn\;C:\Program Files\Microsoft SQL Server\160\DTS\Binn\;C:\Program Files (x86)\Microsoft SQL Server\160\DTS\Binn\;C:\Program Files\Azure Data Studio\bin;C:\Program Files\dotnet\;C:\Program Files\Git\cmd;D:\Installation\nodejs\;C:\Program Files\PostgreSQL\15\bin;D:\ITU\Logiciels\wildfly-29.0.1.Final\bin;C:\Program Files\PostgreSQL\15\lib;D:\ITU\Logiciels\gradle-8.4\bin;D:\Installation\Java\jdk-17\bin;D:\ITU\Logiciels\apache-maven-3.9.5\bin;D:\Installation\PowerShell\7\;C:\Users\Rebeka\AppData\Local\Programs\Python\Python310\Scripts\;C:\Users\Rebeka\AppData\Local\Programs\Python\Python310\;C:\Users\Rebeka\AppData\Local\Microsoft\WindowsApps;C:\Users\Rebeka\AppData\Local\Programs\Python\Python310\;C:\Users\Rebeka\AppData\Local\Programs\Python\Python310\Scripts;C:\Program Files\Azure Data Studio\bin;D:\ITU\Logiciels\sqlite-tools-win32-x86-3170000;C:\Users\Rebeka\AppData\Local\GitHubDesktop\bin;C:\Users\Rebeka\.dotnet\tools;C:\Users\Rebeka\AppData\Roaming\npm;
USERNAME=Rebeka
LANG=fr_FR.UTF-8
OS=Windows_NT
PROCESSOR_IDENTIFIER=Intel64 Family 6 Model 154 Stepping 3, GenuineIntel



---------------  S Y S T E M  ---------------

OS:
 Windows 11 , 64 bit Build 22000 (10.0.22000.2538)
OS uptime: 5 days 7:35 hours
Hyper-V role detected

CPU: total 12 (initial active 12) (6 cores per cpu, 2 threads per core) family 6 model 154 stepping 3 microcode 0x424, cx8, cmov, fxsr, ht, mmx, 3dnowpref, sse, sse2, sse3, ssse3, sse4.1, sse4.2, popcnt, lzcnt, tsc, tscinvbit, avx, avx2, aes, erms, clmul, bmi1, bmi2, adx, sha, fma, vzeroupper, clflush, clflushopt, clwb, hv

Memory: 4k page, system-wide physical 16153M (3431M free)
TotalPageFile size 23831M (AvailPageFile size 250M)
current process WorkingSet (physical memory assigned to process): 10M, peak: 10M
current process commit charge ("private bytes"): 64M, peak: 318M

vm_info: Java HotSpot(TM) 64-Bit Server VM (17.0.9+11-LTS-201) for windows-amd64 JRE (17.0.9+11-LTS-201), built on Oct 10 2023 23:16:06 by "mach5one" with MS VC++ 17.1 (VS2022)

END.
